<?xml version="1.0" encoding="UTF-8"?>
<testng-results ignored="0" total="1" passed="1" failed="0" skipped="0">
  <reporter-output>
  </reporter-output>
  <suite started-at="2021-06-21T22:33:47 IST" name="Default suite" finished-at="2021-06-21T22:34:44 IST" duration-ms="57514">
    <groups>
    </groups>
    <test started-at="2021-06-21T22:33:47 IST" name="Default test" finished-at="2021-06-21T22:34:44 IST" duration-ms="57514">
      <class name="testcases.TC001">
        <test-method signature="openbrowser()[pri:0, instance:testcases.TC001@662b4c69]" started-at="2021-06-21T22:33:47 IST" name="openbrowser" finished-at="2021-06-21T22:34:44 IST" duration-ms="57449" status="PASS">
          <reporter-output>
          </reporter-output>
        </test-method> <!-- openbrowser -->
      </class> <!-- testcases.TC001 -->
    </test> <!-- Default test -->
  </suite> <!-- Default suite -->
</testng-results>
